SF:lib/src/default_scoped_loading.dart
DA:6,1
DA:8,1
DA:12,1
DA:16,1
DA:18,1
DA:19,1
DA:20,1
DA:21,1
LF:8
LH:8
end_of_record
SF:lib/src/exceptions.dart
DA:2,8
DA:4,1
LF:2
LH:2
end_of_record
SF:lib/src/loading_manager.dart
DA:9,3
DA:11,3
DA:12,3
DA:15,3
DA:18,3
DA:21,1
DA:22,1
DA:24,2
DA:28,1
DA:30,2
DA:33,1
DA:36,1
DA:37,2
DA:38,1
DA:41,1
DA:42,2
DA:43,2
DA:46,1
DA:48,1
DA:49,2
DA:50,1
DA:51,3
DA:54,3
DA:57,1
DA:58,1
DA:61,3
DA:64,6
LF:27
LH:27
end_of_record
SF:lib/src/loading_state.dart
DA:4,10
DA:8,6
DA:10,2
DA:13,2
DA:14,1
DA:18,1
DA:19,2
LF:7
LH:7
end_of_record
SF:lib/src/default_loading_handler.dart
DA:11,6
DA:13,1
DA:15,1
DA:16,1
DA:18,1
DA:19,2
DA:20,2
DA:27,1
DA:29,1
DA:30,1
DA:31,1
DA:32,1
DA:34,1
DA:35,1
DA:42,1
LF:15
LH:15
end_of_record
SF:lib/src/default_loading_provider.dart
DA:7,7
DA:12,2
DA:14,2
DA:15,4
LF:4
LH:4
end_of_record
SF:lib/src/loading_handler.dart
DA:9,6
DA:17,1
DA:18,2
DA:25,1
DA:27,1
DA:28,1
DA:29,1
DA:30,1
DA:31,2
DA:33,1
DA:34,1
LF:11
LH:11
end_of_record
SF:lib/src/loading_provider.dart
DA:5,3
DA:7,1
DA:8,1
LF:3
LH:3
end_of_record
