SF:lib/src/default_scoped_loading.dart
DA:6,0
DA:8,0
DA:12,0
DA:16,0
DA:18,0
DA:19,0
DA:20,0
DA:21,0
LF:8
LH:0
end_of_record
SF:lib/src/exceptions.dart
DA:2,6
DA:4,1
LF:2
LH:2
end_of_record
SF:lib/src/loading_manager.dart
DA:9,1
DA:11,1
DA:12,1
DA:15,1
DA:18,1
DA:21,1
DA:22,1
DA:24,2
DA:28,1
DA:30,2
DA:33,1
DA:36,1
DA:37,2
DA:38,1
DA:41,1
DA:42,2
DA:43,2
DA:46,1
DA:48,1
DA:49,2
DA:50,1
DA:51,3
DA:54,3
DA:57,1
DA:58,1
DA:61,1
DA:64,2
LF:27
LH:27
end_of_record
SF:lib/src/loading_state.dart
DA:4,8
DA:8,3
DA:10,2
DA:13,2
DA:14,1
DA:18,1
DA:19,2
LF:7
LH:7
end_of_record
SF:lib/src/default_loading_handler.dart
DA:10,4
DA:12,0
DA:14,0
DA:15,0
DA:17,0
DA:18,0
DA:25,0
DA:27,0
DA:28,0
DA:30,0
DA:35,0
LF:11
LH:1
end_of_record
SF:lib/src/default_loading_provider.dart
DA:7,4
DA:9,0
DA:11,0
DA:12,0
LF:4
LH:1
end_of_record
SF:lib/src/loading_handler.dart
DA:9,4
DA:17,0
DA:18,0
DA:25,0
DA:27,0
DA:28,0
DA:29,0
DA:30,0
DA:31,0
DA:33,0
DA:34,0
LF:11
LH:1
end_of_record
SF:lib/src/loading_provider.dart
DA:5,1
DA:7,1
DA:8,1
LF:3
LH:3
end_of_record
